<?xml version="1.0" encoding="UTF-8"?>
<!-- Generated by org.testng.reporters.JUnitReportReporter -->
<testsuite skipped="0" hostname="laptop-PC" name="Automation.demo.maven.automationpractice.orderPlacement" tests="3" failures="0" timestamp="03 Apr 2020 00:26:14 GMT" time="43.676" errors="0">
  <testcase name="login" time="14.662" classname="Automation.demo.maven.automationpractice.orderPlacement"/>
  <testcase name="myOrderPlacement" time="26.142" classname="Automation.demo.maven.automationpractice.orderPlacement"/>
  <testcase name="orderVerification" time="2.872" classname="Automation.demo.maven.automationpractice.orderPlacement"/>
</testsuite> <!-- Automation.demo.maven.automationpractice.orderPlacement -->
